<?xml version="1.0" encoding="UTF-8"?>
<!-- Generated by org.testng.reporters.JUnitReportReporter -->
<testsuite hostname="DESKTOP-6FNI25S" failures="0" tests="4" name="api.test.UserTests" time="8.688" errors="0" timestamp="2024-02-12T18:12:26 IST" skipped="0">
  <testcase classname="api.test.UserTests" name="testPostUser" time="3.003"/>
  <system-out/>
  <testcase classname="api.test.UserTests" name="testGetUserByName" time="1.325"/>
  <system-out/>
  <testcase classname="api.test.UserTests" name="testUpdateUserByName" time="2.932"/>
  <system-out/>
  <testcase classname="api.test.UserTests" name="testDeleteUserByName" time="1.428"/>
  <system-out/>
</testsuite> <!-- api.test.UserTests -->
